---------------------------------------------------------------
[2019-04-21T13:30:43+08:00] ::1 GET thinkadmin.com:8888/admin/login.html
[ sql ] [ DB ] CONNECT:[ UseTime:0.005976s ] mysql:host=127.0.0.1;port=8889;dbname=admin_v4;charset=utf8
[ sql ] [ SQL ] SHOW COLUMNS FROM `system_config` [ RunTime:0.099876s ]
[ sql ] [ SQL ] SELECT `name`,`value` FROM `system_config` [ RunTime:0.001443s ]
---------------------------------------------------------------
[2019-04-21T13:30:48+08:00] ::1 POST thinkadmin.com:8888/admin/login.html
[ sql ] [ DB ] CONNECT:[ UseTime:0.000728s ] mysql:host=127.0.0.1;port=8889;dbname=admin_v4;charset=utf8
[ sql ] [ SQL ] SHOW COLUMNS FROM `system_user` [ RunTime:0.007183s ]
[ sql ] [ SQL ] SELECT * FROM `system_user` WHERE  `is_deleted` = 0  AND `username` = 'admin' ORDER BY `id` DESC LIMIT 1 [ RunTime:0.005633s ]
[ sql ] [ SQL ] UPDATE `system_user`  SET `login_at` = now() , `login_ip` = '::1' , `login_num` = login_num+1  WHERE  `id` = 10000 [ RunTime:0.011137s ]
[ sql ] [ SQL ] SHOW COLUMNS FROM `system_log` [ RunTime:0.018379s ]
[ sql ] [ SQL ] INSERT INTO `system_log` (`node` , `geoip` , `action` , `content` , `username`) VALUES ('admin/login/index' , '::1' , '系统管理' , '用户登录系统成功' , 'admin') [ RunTime:0.004171s ]
---------------------------------------------------------------
[2019-04-21T13:30:48+08:00] ::1 GET thinkadmin.com:8888/admin.html
[ sql ] [ DB ] CONNECT:[ UseTime:0.000867s ] mysql:host=127.0.0.1;port=8889;dbname=admin_v4;charset=utf8
[ sql ] [ SQL ] SHOW COLUMNS FROM `system_user` [ RunTime:0.001066s ]
[ sql ] [ SQL ] SELECT * FROM `system_user` WHERE  `id` = 10000 LIMIT 1 [ RunTime:0.000644s ]
[ sql ] [ SQL ] SHOW COLUMNS FROM `system_menu` [ RunTime:0.007610s ]
[ sql ] [ SQL ] SELECT * FROM `system_menu` WHERE  `status` = 1 ORDER BY `sort` ASC,`id` ASC [ RunTime:0.002053s ]
[ sql ] [ SQL ] SHOW COLUMNS FROM `system_node` [ RunTime:0.005911s ]
[ sql ] [ SQL ] SELECT `node`,`is_menu`,`is_auth`,`is_login`,`title` FROM `system_node` [ RunTime:0.000961s ]
---------------------------------------------------------------
[2019-04-21T13:30:48+08:00] ::1 GET thinkadmin.com:8888/admin/index/main.html?spm=m-1
[ sql ] [ DB ] CONNECT:[ UseTime:0.000657s ] mysql:host=127.0.0.1;port=8889;dbname=admin_v4;charset=utf8
[ sql ] [ SQL ] select version() as ver [ RunTime:0.008632s ]
---------------------------------------------------------------
[2019-04-21T13:32:00+08:00] ::1 GET thinkadmin.com:8888/admin.html
[ sql ] [ DB ] CONNECT:[ UseTime:0.000739s ] mysql:host=127.0.0.1;port=8889;dbname=admin_v4;charset=utf8
[ sql ] [ SQL ] SHOW COLUMNS FROM `system_user` [ RunTime:0.001035s ]
[ sql ] [ SQL ] SELECT * FROM `system_user` WHERE  `id` = 10000 LIMIT 1 [ RunTime:0.000676s ]
[ sql ] [ SQL ] SHOW COLUMNS FROM `system_menu` [ RunTime:0.000876s ]
[ sql ] [ SQL ] SELECT * FROM `system_menu` WHERE  `status` = 1 ORDER BY `sort` ASC,`id` ASC [ RunTime:0.000939s ]
[ sql ] [ SQL ] SHOW COLUMNS FROM `system_node` [ RunTime:0.001073s ]
[ sql ] [ SQL ] SELECT `node`,`is_menu`,`is_auth`,`is_login`,`title` FROM `system_node` [ RunTime:0.000790s ]
---------------------------------------------------------------
[2019-04-21T13:32:00+08:00] ::1 GET thinkadmin.com:8888/admin/index/main.html?spm=m-1
[ sql ] [ DB ] CONNECT:[ UseTime:0.000559s ] mysql:host=127.0.0.1;port=8889;dbname=admin_v4;charset=utf8
[ sql ] [ SQL ] select version() as ver [ RunTime:0.000315s ]
---------------------------------------------------------------
[2019-04-21T13:44:35+08:00] ::1 GET thinkadmin.com:8888/store/config/index.html?spm=m-13-47-45
[ sql ] [ DB ] CONNECT:[ UseTime:0.001505s ] mysql:host=127.0.0.1;port=8889;dbname=admin_v4;charset=utf8
[ sql ] [ SQL ] SHOW COLUMNS FROM `system_node` [ RunTime:0.001315s ]
[ sql ] [ SQL ] SELECT `is_auth`,`is_login` FROM `system_node` WHERE  `node` = 'store/config/index' LIMIT 1 [ RunTime:0.000860s ]
---------------------------------------------------------------
[2019-04-21T13:52:47+08:00] ::1 GET thinkadmin.com:8888/activity/index/index.html
[ sql ] [ DB ] CONNECT:[ UseTime:0.000730s ] mysql:host=127.0.0.1;port=8889;dbname=admin_v4;charset=utf8
[ sql ] [ SQL ] SHOW COLUMNS FROM `system_node` [ RunTime:0.000888s ]
[ sql ] [ SQL ] SELECT `is_auth`,`is_login` FROM `system_node` WHERE  `node` = 'activity/index/index' LIMIT 1 [ RunTime:0.000663s ]
---------------------------------------------------------------
[2019-04-21T13:53:04+08:00] ::1 GET thinkadmin.com:8888/admin.html
[ sql ] [ DB ] CONNECT:[ UseTime:0.000697s ] mysql:host=127.0.0.1;port=8889;dbname=admin_v4;charset=utf8
[ sql ] [ SQL ] SHOW COLUMNS FROM `system_user` [ RunTime:0.000934s ]
[ sql ] [ SQL ] SELECT * FROM `system_user` WHERE  `id` = 10000 LIMIT 1 [ RunTime:0.000699s ]
[ sql ] [ SQL ] SHOW COLUMNS FROM `system_menu` [ RunTime:0.000829s ]
[ sql ] [ SQL ] SELECT * FROM `system_menu` WHERE  `status` = 1 ORDER BY `sort` ASC,`id` ASC [ RunTime:0.000944s ]
[ sql ] [ SQL ] SHOW COLUMNS FROM `system_node` [ RunTime:0.000832s ]
[ sql ] [ SQL ] SELECT `node`,`is_menu`,`is_auth`,`is_login`,`title` FROM `system_node` [ RunTime:0.000611s ]
---------------------------------------------------------------
[2019-04-21T13:53:04+08:00] ::1 GET thinkadmin.com:8888/activity/index/index.html
[ sql ] [ DB ] CONNECT:[ UseTime:0.000566s ] mysql:host=127.0.0.1;port=8889;dbname=admin_v4;charset=utf8
[ sql ] [ SQL ] SHOW COLUMNS FROM `system_node` [ RunTime:0.000769s ]
[ sql ] [ SQL ] SELECT `is_auth`,`is_login` FROM `system_node` WHERE  `node` = 'activity/index/index' LIMIT 1 [ RunTime:0.000585s ]
---------------------------------------------------------------
[2019-04-21T13:53:15+08:00] ::1 GET thinkadmin.com:8888/admin.html
[ sql ] [ DB ] CONNECT:[ UseTime:0.000554s ] mysql:host=127.0.0.1;port=8889;dbname=admin_v4;charset=utf8
[ sql ] [ SQL ] SHOW COLUMNS FROM `system_user` [ RunTime:0.000865s ]
[ sql ] [ SQL ] SELECT * FROM `system_user` WHERE  `id` = 10000 LIMIT 1 [ RunTime:0.000757s ]
[ sql ] [ SQL ] SHOW COLUMNS FROM `system_menu` [ RunTime:0.000824s ]
[ sql ] [ SQL ] SELECT * FROM `system_menu` WHERE  `status` = 1 ORDER BY `sort` ASC,`id` ASC [ RunTime:0.000906s ]
[ sql ] [ SQL ] SHOW COLUMNS FROM `system_node` [ RunTime:0.000900s ]
[ sql ] [ SQL ] SELECT `node`,`is_menu`,`is_auth`,`is_login`,`title` FROM `system_node` [ RunTime:0.001046s ]
---------------------------------------------------------------
[2019-04-21T13:53:15+08:00] ::1 GET thinkadmin.com:8888/activity/index/index.html
[ sql ] [ DB ] CONNECT:[ UseTime:0.000617s ] mysql:host=127.0.0.1;port=8889;dbname=admin_v4;charset=utf8
[ sql ] [ SQL ] SHOW COLUMNS FROM `system_node` [ RunTime:0.000942s ]
[ sql ] [ SQL ] SELECT `is_auth`,`is_login` FROM `system_node` WHERE  `node` = 'activity/index/index' LIMIT 1 [ RunTime:0.003131s ]
---------------------------------------------------------------
[2019-04-21T13:53:21+08:00] ::1 GET thinkadmin.com:8888/activity/
[ sql ] [ DB ] CONNECT:[ UseTime:0.000748s ] mysql:host=127.0.0.1;port=8889;dbname=admin_v4;charset=utf8
[ sql ] [ SQL ] SHOW COLUMNS FROM `system_node` [ RunTime:0.000887s ]
[ sql ] [ SQL ] SELECT `is_auth`,`is_login` FROM `system_node` WHERE  `node` = 'activity/index/index' LIMIT 1 [ RunTime:0.000554s ]
---------------------------------------------------------------
[2019-04-21T13:53:24+08:00] ::1 GET thinkadmin.com:8888/activity
[ sql ] [ DB ] CONNECT:[ UseTime:0.000601s ] mysql:host=127.0.0.1;port=8889;dbname=admin_v4;charset=utf8
[ sql ] [ SQL ] SHOW COLUMNS FROM `system_node` [ RunTime:0.000761s ]
[ sql ] [ SQL ] SELECT `is_auth`,`is_login` FROM `system_node` WHERE  `node` = 'activity/index/index' LIMIT 1 [ RunTime:0.000584s ]
---------------------------------------------------------------
[2019-04-21T13:53:45+08:00] ::1 GET thinkadmin.com:8888/activity/
[ sql ] [ DB ] CONNECT:[ UseTime:0.000570s ] mysql:host=127.0.0.1;port=8889;dbname=admin_v4;charset=utf8
[ sql ] [ SQL ] SHOW COLUMNS FROM `system_node` [ RunTime:0.001036s ]
[ sql ] [ SQL ] SELECT `is_auth`,`is_login` FROM `system_node` WHERE  `node` = 'activity/index/index' LIMIT 1 [ RunTime:0.000664s ]
---------------------------------------------------------------
[2019-04-21T13:53:47+08:00] ::1 GET thinkadmin.com:8888/store/config/index.html?spm=m-13-47-45
[ sql ] [ DB ] CONNECT:[ UseTime:0.000579s ] mysql:host=127.0.0.1;port=8889;dbname=admin_v4;charset=utf8
[ sql ] [ SQL ] SHOW COLUMNS FROM `system_node` [ RunTime:0.000778s ]
[ sql ] [ SQL ] SELECT `is_auth`,`is_login` FROM `system_node` WHERE  `node` = 'store/config/index' LIMIT 1 [ RunTime:0.001038s ]
---------------------------------------------------------------
[2019-04-21T13:53:49+08:00] ::1 GET thinkadmin.com:8888/admin.html
[ sql ] [ DB ] CONNECT:[ UseTime:0.000554s ] mysql:host=127.0.0.1;port=8889;dbname=admin_v4;charset=utf8
[ sql ] [ SQL ] SHOW COLUMNS FROM `system_user` [ RunTime:0.000821s ]
[ sql ] [ SQL ] SELECT * FROM `system_user` WHERE  `id` = 10000 LIMIT 1 [ RunTime:0.000805s ]
[ sql ] [ SQL ] SHOW COLUMNS FROM `system_menu` [ RunTime:0.000848s ]
[ sql ] [ SQL ] SELECT * FROM `system_menu` WHERE  `status` = 1 ORDER BY `sort` ASC,`id` ASC [ RunTime:0.000993s ]
[ sql ] [ SQL ] SHOW COLUMNS FROM `system_node` [ RunTime:0.000902s ]
[ sql ] [ SQL ] SELECT `node`,`is_menu`,`is_auth`,`is_login`,`title` FROM `system_node` [ RunTime:0.000736s ]
---------------------------------------------------------------
[2019-04-21T13:53:49+08:00] ::1 GET thinkadmin.com:8888/store/config/index.html?spm=m-13-47-45
[ sql ] [ DB ] CONNECT:[ UseTime:0.000586s ] mysql:host=127.0.0.1;port=8889;dbname=admin_v4;charset=utf8
[ sql ] [ SQL ] SHOW COLUMNS FROM `system_node` [ RunTime:0.000842s ]
---------------------------------------------------------------
[2019-04-21T13:53:54+08:00] ::1 GET thinkadmin.com:8888/activity/
[ sql ] [ DB ] CONNECT:[ UseTime:0.000581s ] mysql:host=127.0.0.1;port=8889;dbname=admin_v4;charset=utf8
[ sql ] [ SQL ] SHOW COLUMNS FROM `system_node` [ RunTime:0.000788s ]
[ sql ] [ SQL ] SELECT `is_auth`,`is_login` FROM `system_node` WHERE  `node` = 'activity/index/index' LIMIT 1 [ RunTime:0.000498s ]
---------------------------------------------------------------
[2019-04-21T13:53:58+08:00] ::1 GET thinkadmin.com:8888/admin.html
[ sql ] [ DB ] CONNECT:[ UseTime:0.000646s ] mysql:host=127.0.0.1;port=8889;dbname=admin_v4;charset=utf8
[ sql ] [ SQL ] SHOW COLUMNS FROM `system_user` [ RunTime:0.000857s ]
[ sql ] [ SQL ] SELECT * FROM `system_user` WHERE  `id` = 10000 LIMIT 1 [ RunTime:0.000628s ]
[ sql ] [ SQL ] SHOW COLUMNS FROM `system_menu` [ RunTime:0.001063s ]
[ sql ] [ SQL ] SELECT * FROM `system_menu` WHERE  `status` = 1 ORDER BY `sort` ASC,`id` ASC [ RunTime:0.000797s ]
[ sql ] [ SQL ] SHOW COLUMNS FROM `system_node` [ RunTime:0.000876s ]
[ sql ] [ SQL ] SELECT `node`,`is_menu`,`is_auth`,`is_login`,`title` FROM `system_node` [ RunTime:0.000611s ]
---------------------------------------------------------------
[2019-04-21T13:53:59+08:00] ::1 GET thinkadmin.com:8888/activity/
[ sql ] [ DB ] CONNECT:[ UseTime:0.000716s ] mysql:host=127.0.0.1;port=8889;dbname=admin_v4;charset=utf8
[ sql ] [ SQL ] SHOW COLUMNS FROM `system_node` [ RunTime:0.000981s ]
[ sql ] [ SQL ] SELECT `is_auth`,`is_login` FROM `system_node` WHERE  `node` = 'activity/index/index' LIMIT 1 [ RunTime:0.000641s ]
---------------------------------------------------------------
[2019-04-21T13:54:03+08:00] ::1 GET thinkadmin.com:8888/admin.html
[ sql ] [ DB ] CONNECT:[ UseTime:0.000738s ] mysql:host=127.0.0.1;port=8889;dbname=admin_v4;charset=utf8
[ sql ] [ SQL ] SHOW COLUMNS FROM `system_user` [ RunTime:0.001990s ]
[ sql ] [ SQL ] SELECT * FROM `system_user` WHERE  `id` = 10000 LIMIT 1 [ RunTime:0.000616s ]
[ sql ] [ SQL ] SHOW COLUMNS FROM `system_menu` [ RunTime:0.000857s ]
[ sql ] [ SQL ] SELECT * FROM `system_menu` WHERE  `status` = 1 ORDER BY `sort` ASC,`id` ASC [ RunTime:0.000930s ]
[ sql ] [ SQL ] SHOW COLUMNS FROM `system_node` [ RunTime:0.000883s ]
[ sql ] [ SQL ] SELECT `node`,`is_menu`,`is_auth`,`is_login`,`title` FROM `system_node` [ RunTime:0.000639s ]
---------------------------------------------------------------
[2019-04-21T13:54:03+08:00] ::1 GET thinkadmin.com:8888/activity/
[ sql ] [ DB ] CONNECT:[ UseTime:0.000656s ] mysql:host=127.0.0.1;port=8889;dbname=admin_v4;charset=utf8
[ sql ] [ SQL ] SHOW COLUMNS FROM `system_node` [ RunTime:0.000978s ]
[ sql ] [ SQL ] SELECT `is_auth`,`is_login` FROM `system_node` WHERE  `node` = 'activity/index/index' LIMIT 1 [ RunTime:0.003990s ]
---------------------------------------------------------------
[2019-04-21T13:54:20+08:00] ::1 GET thinkadmin.com:8888/store/config/index.html?spm=m-13-47-45
[ sql ] [ DB ] CONNECT:[ UseTime:0.000781s ] mysql:host=127.0.0.1;port=8889;dbname=admin_v4;charset=utf8
[ sql ] [ SQL ] SHOW COLUMNS FROM `system_node` [ RunTime:0.001065s ]
---------------------------------------------------------------
[2019-04-21T13:54:55+08:00] ::1 GET thinkadmin.com:8888/admin.html
[ sql ] [ DB ] CONNECT:[ UseTime:0.000596s ] mysql:host=127.0.0.1;port=8889;dbname=admin_v4;charset=utf8
[ sql ] [ SQL ] SHOW COLUMNS FROM `system_user` [ RunTime:0.000857s ]
[ sql ] [ SQL ] SELECT * FROM `system_user` WHERE  `id` = 10000 LIMIT 1 [ RunTime:0.000761s ]
[ sql ] [ SQL ] SHOW COLUMNS FROM `system_menu` [ RunTime:0.000811s ]
[ sql ] [ SQL ] SELECT * FROM `system_menu` WHERE  `status` = 1 ORDER BY `sort` ASC,`id` ASC [ RunTime:0.001027s ]
[ sql ] [ SQL ] SHOW COLUMNS FROM `system_node` [ RunTime:0.000797s ]
[ sql ] [ SQL ] SELECT `node`,`is_menu`,`is_auth`,`is_login`,`title` FROM `system_node` [ RunTime:0.000649s ]
---------------------------------------------------------------
[2019-04-21T13:54:56+08:00] ::1 GET thinkadmin.com:8888/store/config/index.html?spm=m-13-47-45
[ sql ] [ DB ] CONNECT:[ UseTime:0.000560s ] mysql:host=127.0.0.1;port=8889;dbname=admin_v4;charset=utf8
[ sql ] [ SQL ] SHOW COLUMNS FROM `system_node` [ RunTime:0.000732s ]
[ sql ] [ SQL ] SELECT `is_auth`,`is_login` FROM `system_node` WHERE  `node` = 'store/config/index' LIMIT 1 [ RunTime:0.000536s ]
---------------------------------------------------------------
[2019-04-21T13:55:02+08:00] ::1 GET thinkadmin.com:8888/activity/
[ sql ] [ DB ] CONNECT:[ UseTime:0.000600s ] mysql:host=127.0.0.1;port=8889;dbname=admin_v4;charset=utf8
[ sql ] [ SQL ] SHOW COLUMNS FROM `system_node` [ RunTime:0.000740s ]
[ sql ] [ SQL ] SELECT `is_auth`,`is_login` FROM `system_node` WHERE  `node` = 'activity/index/index' LIMIT 1 [ RunTime:0.000559s ]
---------------------------------------------------------------
[2019-04-21T13:55:04+08:00] ::1 GET thinkadmin.com:8888/admin.html
[ sql ] [ DB ] CONNECT:[ UseTime:0.000559s ] mysql:host=127.0.0.1;port=8889;dbname=admin_v4;charset=utf8
[ sql ] [ SQL ] SHOW COLUMNS FROM `system_user` [ RunTime:0.000803s ]
[ sql ] [ SQL ] SELECT * FROM `system_user` WHERE  `id` = 10000 LIMIT 1 [ RunTime:0.000683s ]
[ sql ] [ SQL ] SHOW COLUMNS FROM `system_menu` [ RunTime:0.000785s ]
[ sql ] [ SQL ] SELECT * FROM `system_menu` WHERE  `status` = 1 ORDER BY `sort` ASC,`id` ASC [ RunTime:0.000950s ]
[ sql ] [ SQL ] SHOW COLUMNS FROM `system_node` [ RunTime:0.000883s ]
[ sql ] [ SQL ] SELECT `node`,`is_menu`,`is_auth`,`is_login`,`title` FROM `system_node` [ RunTime:0.000621s ]
---------------------------------------------------------------
[2019-04-21T13:55:05+08:00] ::1 GET thinkadmin.com:8888/activity/
[ sql ] [ DB ] CONNECT:[ UseTime:0.000562s ] mysql:host=127.0.0.1;port=8889;dbname=admin_v4;charset=utf8
[ sql ] [ SQL ] SHOW COLUMNS FROM `system_node` [ RunTime:0.000763s ]
[ sql ] [ SQL ] SELECT `is_auth`,`is_login` FROM `system_node` WHERE  `node` = 'activity/index/index' LIMIT 1 [ RunTime:0.000692s ]
---------------------------------------------------------------
[2019-04-21T13:55:09+08:00] ::1 GET thinkadmin.com:8888/activity/index/index.html
[ sql ] [ DB ] CONNECT:[ UseTime:0.000557s ] mysql:host=127.0.0.1;port=8889;dbname=admin_v4;charset=utf8
[ sql ] [ SQL ] SHOW COLUMNS FROM `system_node` [ RunTime:0.000837s ]
[ sql ] [ SQL ] SELECT `is_auth`,`is_login` FROM `system_node` WHERE  `node` = 'activity/index/index' LIMIT 1 [ RunTime:0.000529s ]
---------------------------------------------------------------
[2019-04-21T13:55:15+08:00] ::1 GET thinkadmin.com:8888/admin.html
[ sql ] [ DB ] CONNECT:[ UseTime:0.000585s ] mysql:host=127.0.0.1;port=8889;dbname=admin_v4;charset=utf8
[ sql ] [ SQL ] SHOW COLUMNS FROM `system_user` [ RunTime:0.000946s ]
[ sql ] [ SQL ] SELECT * FROM `system_user` WHERE  `id` = 10000 LIMIT 1 [ RunTime:0.000624s ]
[ sql ] [ SQL ] SHOW COLUMNS FROM `system_menu` [ RunTime:0.000790s ]
[ sql ] [ SQL ] SELECT * FROM `system_menu` WHERE  `status` = 1 ORDER BY `sort` ASC,`id` ASC [ RunTime:0.000909s ]
[ sql ] [ SQL ] SHOW COLUMNS FROM `system_node` [ RunTime:0.000801s ]
[ sql ] [ SQL ] SELECT `node`,`is_menu`,`is_auth`,`is_login`,`title` FROM `system_node` [ RunTime:0.000704s ]
---------------------------------------------------------------
[2019-04-21T13:55:15+08:00] ::1 GET thinkadmin.com:8888/activity/index/index.html
[ sql ] [ DB ] CONNECT:[ UseTime:0.000627s ] mysql:host=127.0.0.1;port=8889;dbname=admin_v4;charset=utf8
[ sql ] [ SQL ] SHOW COLUMNS FROM `system_node` [ RunTime:0.000730s ]
[ sql ] [ SQL ] SELECT `is_auth`,`is_login` FROM `system_node` WHERE  `node` = 'activity/index/index' LIMIT 1 [ RunTime:0.000569s ]
---------------------------------------------------------------
[2019-04-21T13:55:49+08:00] ::1 GET thinkadmin.com:8888/admin.html
[ sql ] [ DB ] CONNECT:[ UseTime:0.000592s ] mysql:host=127.0.0.1;port=8889;dbname=admin_v4;charset=utf8
[ sql ] [ SQL ] SHOW COLUMNS FROM `system_user` [ RunTime:0.000873s ]
[ sql ] [ SQL ] SELECT * FROM `system_user` WHERE  `id` = 10000 LIMIT 1 [ RunTime:0.000700s ]
[ sql ] [ SQL ] SHOW COLUMNS FROM `system_menu` [ RunTime:0.000767s ]
[ sql ] [ SQL ] SELECT * FROM `system_menu` WHERE  `status` = 1 ORDER BY `sort` ASC,`id` ASC [ RunTime:0.000886s ]
[ sql ] [ SQL ] SHOW COLUMNS FROM `system_node` [ RunTime:0.001170s ]
[ sql ] [ SQL ] SELECT `node`,`is_menu`,`is_auth`,`is_login`,`title` FROM `system_node` [ RunTime:0.000739s ]
---------------------------------------------------------------
[2019-04-21T13:55:49+08:00] ::1 GET thinkadmin.com:8888/activity/index/index.html
[ sql ] [ DB ] CONNECT:[ UseTime:0.000573s ] mysql:host=127.0.0.1;port=8889;dbname=admin_v4;charset=utf8
[ sql ] [ SQL ] SHOW COLUMNS FROM `system_node` [ RunTime:0.000873s ]
[ sql ] [ SQL ] SELECT `is_auth`,`is_login` FROM `system_node` WHERE  `node` = 'activity/index/index' LIMIT 1 [ RunTime:0.000593s ]
---------------------------------------------------------------
[2019-04-21T13:55:54+08:00] ::1 GET thinkadmin.com:8888/admin.html
[ sql ] [ DB ] CONNECT:[ UseTime:0.000646s ] mysql:host=127.0.0.1;port=8889;dbname=admin_v4;charset=utf8
[ sql ] [ SQL ] SHOW COLUMNS FROM `system_user` [ RunTime:0.000784s ]
[ sql ] [ SQL ] SELECT * FROM `system_user` WHERE  `id` = 10000 LIMIT 1 [ RunTime:0.000650s ]
[ sql ] [ SQL ] SHOW COLUMNS FROM `system_menu` [ RunTime:0.000892s ]
[ sql ] [ SQL ] SELECT * FROM `system_menu` WHERE  `status` = 1 ORDER BY `sort` ASC,`id` ASC [ RunTime:0.000864s ]
[ sql ] [ SQL ] SHOW COLUMNS FROM `system_node` [ RunTime:0.000825s ]
[ sql ] [ SQL ] SELECT `node`,`is_menu`,`is_auth`,`is_login`,`title` FROM `system_node` [ RunTime:0.000616s ]
---------------------------------------------------------------
[2019-04-21T13:55:54+08:00] ::1 GET thinkadmin.com:8888/activity/index/index.html
[ sql ] [ DB ] CONNECT:[ UseTime:0.000565s ] mysql:host=127.0.0.1;port=8889;dbname=admin_v4;charset=utf8
[ sql ] [ SQL ] SHOW COLUMNS FROM `system_node` [ RunTime:0.000756s ]
[ sql ] [ SQL ] SELECT `is_auth`,`is_login` FROM `system_node` WHERE  `node` = 'activity/index/index' LIMIT 1 [ RunTime:0.000605s ]
---------------------------------------------------------------
[2019-04-21T13:55:57+08:00] ::1 GET thinkadmin.com:8888/admin.html
[ sql ] [ DB ] CONNECT:[ UseTime:0.000646s ] mysql:host=127.0.0.1;port=8889;dbname=admin_v4;charset=utf8
[ sql ] [ SQL ] SHOW COLUMNS FROM `system_user` [ RunTime:0.001040s ]
[ sql ] [ SQL ] SELECT * FROM `system_user` WHERE  `id` = 10000 LIMIT 1 [ RunTime:0.000649s ]
[ sql ] [ SQL ] SHOW COLUMNS FROM `system_menu` [ RunTime:0.000716s ]
[ sql ] [ SQL ] SELECT * FROM `system_menu` WHERE  `status` = 1 ORDER BY `sort` ASC,`id` ASC [ RunTime:0.000753s ]
[ sql ] [ SQL ] SHOW COLUMNS FROM `system_node` [ RunTime:0.000922s ]
[ sql ] [ SQL ] SELECT `node`,`is_menu`,`is_auth`,`is_login`,`title` FROM `system_node` [ RunTime:0.000811s ]
---------------------------------------------------------------
[2019-04-21T13:55:57+08:00] ::1 GET thinkadmin.com:8888/activity/index/index.html
[ sql ] [ DB ] CONNECT:[ UseTime:0.000741s ] mysql:host=127.0.0.1;port=8889;dbname=admin_v4;charset=utf8
[ sql ] [ SQL ] SHOW COLUMNS FROM `system_node` [ RunTime:0.001204s ]
[ sql ] [ SQL ] SELECT `is_auth`,`is_login` FROM `system_node` WHERE  `node` = 'activity/index/index' LIMIT 1 [ RunTime:0.000746s ]
---------------------------------------------------------------
[2019-04-21T13:56:04+08:00] ::1 GET thinkadmin.com:8888/activity/
[ sql ] [ DB ] CONNECT:[ UseTime:0.000856s ] mysql:host=127.0.0.1;port=8889;dbname=admin_v4;charset=utf8
[ sql ] [ SQL ] SHOW COLUMNS FROM `system_node` [ RunTime:0.001108s ]
[ sql ] [ SQL ] SELECT `is_auth`,`is_login` FROM `system_node` WHERE  `node` = 'activity/index/index' LIMIT 1 [ RunTime:0.001167s ]
---------------------------------------------------------------
[2019-04-21T13:56:52+08:00] ::1 GET thinkadmin.com:8888/admin.html
[ sql ] [ DB ] CONNECT:[ UseTime:0.000553s ] mysql:host=127.0.0.1;port=8889;dbname=admin_v4;charset=utf8
[ sql ] [ SQL ] SHOW COLUMNS FROM `system_user` [ RunTime:0.000822s ]
[ sql ] [ SQL ] SELECT * FROM `system_user` WHERE  `id` = 10000 LIMIT 1 [ RunTime:0.000664s ]
[ sql ] [ SQL ] SHOW COLUMNS FROM `system_menu` [ RunTime:0.000740s ]
[ sql ] [ SQL ] SELECT * FROM `system_menu` WHERE  `status` = 1 ORDER BY `sort` ASC,`id` ASC [ RunTime:0.000909s ]
[ sql ] [ SQL ] SHOW COLUMNS FROM `system_node` [ RunTime:0.000997s ]
[ sql ] [ SQL ] SELECT `node`,`is_menu`,`is_auth`,`is_login`,`title` FROM `system_node` [ RunTime:0.001009s ]
---------------------------------------------------------------
[2019-04-21T13:56:53+08:00] ::1 GET thinkadmin.com:8888/activity/
[ sql ] [ DB ] CONNECT:[ UseTime:0.000733s ] mysql:host=127.0.0.1;port=8889;dbname=admin_v4;charset=utf8
[ sql ] [ SQL ] SHOW COLUMNS FROM `system_node` [ RunTime:0.001037s ]
[ sql ] [ SQL ] SELECT `is_auth`,`is_login` FROM `system_node` WHERE  `node` = 'activity/index/index' LIMIT 1 [ RunTime:0.000753s ]
---------------------------------------------------------------
[2019-04-21T13:56:56+08:00] ::1 GET thinkadmin.com:8888/activity/index/index.html
[ sql ] [ DB ] CONNECT:[ UseTime:0.000651s ] mysql:host=127.0.0.1;port=8889;dbname=admin_v4;charset=utf8
[ sql ] [ SQL ] SHOW COLUMNS FROM `system_node` [ RunTime:0.000792s ]
[ sql ] [ SQL ] SELECT `is_auth`,`is_login` FROM `system_node` WHERE  `node` = 'activity/index/index' LIMIT 1 [ RunTime:0.000542s ]
---------------------------------------------------------------
[2019-04-21T13:57:57+08:00] ::1 GET thinkadmin.com:8888/activity
[ sql ] [ DB ] CONNECT:[ UseTime:0.000597s ] mysql:host=127.0.0.1;port=8889;dbname=admin_v4;charset=utf8
[ sql ] [ SQL ] SHOW COLUMNS FROM `system_node` [ RunTime:0.000775s ]
[ sql ] [ SQL ] SELECT `is_auth`,`is_login` FROM `system_node` WHERE  `node` = 'activity/index/index' LIMIT 1 [ RunTime:0.000564s ]
---------------------------------------------------------------
[2019-04-21T14:15:45+08:00] ::1 GET thinkadmin.com:8888/admin.html
[ sql ] [ DB ] CONNECT:[ UseTime:0.000608s ] mysql:host=127.0.0.1;port=8889;dbname=admin_v4;charset=utf8
[ sql ] [ SQL ] SHOW COLUMNS FROM `system_user` [ RunTime:0.002786s ]
[ sql ] [ SQL ] SELECT * FROM `system_user` WHERE  `id` = 10000 LIMIT 1 [ RunTime:0.000948s ]
[ sql ] [ SQL ] SHOW COLUMNS FROM `system_menu` [ RunTime:0.000737s ]
[ sql ] [ SQL ] SELECT * FROM `system_menu` WHERE  `status` = 1 ORDER BY `sort` ASC,`id` ASC [ RunTime:0.000704s ]
[ sql ] [ SQL ] SHOW COLUMNS FROM `system_node` [ RunTime:0.001164s ]
[ sql ] [ SQL ] SELECT `node`,`is_menu`,`is_auth`,`is_login`,`title` FROM `system_node` [ RunTime:0.000645s ]
---------------------------------------------------------------
[2019-04-21T14:15:45+08:00] ::1 GET thinkadmin.com:8888/activity
[ sql ] [ DB ] CONNECT:[ UseTime:0.000635s ] mysql:host=127.0.0.1;port=8889;dbname=admin_v4;charset=utf8
[ sql ] [ SQL ] SHOW COLUMNS FROM `system_node` [ RunTime:0.001432s ]
[ sql ] [ SQL ] SELECT `is_auth`,`is_login` FROM `system_node` WHERE  `node` = 'activity/index/index' LIMIT 1 [ RunTime:0.000609s ]
---------------------------------------------------------------
[2019-04-21T14:16:01+08:00] ::1 GET thinkadmin.com:8888/admin.html
[ sql ] [ DB ] CONNECT:[ UseTime:0.000597s ] mysql:host=127.0.0.1;port=8889;dbname=admin_v4;charset=utf8
[ sql ] [ SQL ] SHOW COLUMNS FROM `system_user` [ RunTime:0.000862s ]
[ sql ] [ SQL ] SELECT * FROM `system_user` WHERE  `id` = 10000 LIMIT 1 [ RunTime:0.000587s ]
[ sql ] [ SQL ] SHOW COLUMNS FROM `system_menu` [ RunTime:0.000990s ]
[ sql ] [ SQL ] SELECT * FROM `system_menu` WHERE  `status` = 1 ORDER BY `sort` ASC,`id` ASC [ RunTime:0.001424s ]
[ sql ] [ SQL ] SHOW COLUMNS FROM `system_node` [ RunTime:0.000906s ]
[ sql ] [ SQL ] SELECT `node`,`is_menu`,`is_auth`,`is_login`,`title` FROM `system_node` [ RunTime:0.000870s ]
---------------------------------------------------------------
[2019-04-21T14:16:02+08:00] ::1 GET thinkadmin.com:8888/activity
[ sql ] [ DB ] CONNECT:[ UseTime:0.000584s ] mysql:host=127.0.0.1;port=8889;dbname=admin_v4;charset=utf8
[ sql ] [ SQL ] SHOW COLUMNS FROM `system_node` [ RunTime:0.000791s ]
[ sql ] [ SQL ] SELECT `is_auth`,`is_login` FROM `system_node` WHERE  `node` = 'activity/index/index' LIMIT 1 [ RunTime:0.000487s ]
---------------------------------------------------------------
[2019-04-21T14:16:45+08:00] ::1 GET thinkadmin.com:8888/admin.html
[ sql ] [ DB ] CONNECT:[ UseTime:0.000638s ] mysql:host=127.0.0.1;port=8889;dbname=admin_v4;charset=utf8
[ sql ] [ SQL ] SHOW COLUMNS FROM `system_user` [ RunTime:0.001014s ]
[ sql ] [ SQL ] SELECT * FROM `system_user` WHERE  `id` = 10000 LIMIT 1 [ RunTime:0.000622s ]
[ sql ] [ SQL ] SHOW COLUMNS FROM `system_menu` [ RunTime:0.001083s ]
[ sql ] [ SQL ] SELECT * FROM `system_menu` WHERE  `status` = 1 ORDER BY `sort` ASC,`id` ASC [ RunTime:0.000921s ]
[ sql ] [ SQL ] SHOW COLUMNS FROM `system_node` [ RunTime:0.000896s ]
[ sql ] [ SQL ] SELECT `node`,`is_menu`,`is_auth`,`is_login`,`title` FROM `system_node` [ RunTime:0.000585s ]
---------------------------------------------------------------
[2019-04-21T14:16:45+08:00] ::1 GET thinkadmin.com:8888/activity
[ sql ] [ DB ] CONNECT:[ UseTime:0.000783s ] mysql:host=127.0.0.1;port=8889;dbname=admin_v4;charset=utf8
[ sql ] [ SQL ] SHOW COLUMNS FROM `system_node` [ RunTime:0.001136s ]
[ sql ] [ SQL ] SELECT `is_auth`,`is_login` FROM `system_node` WHERE  `node` = 'activity/index/index' LIMIT 1 [ RunTime:0.000512s ]
---------------------------------------------------------------
[2019-04-21T14:16:50+08:00] ::1 GET thinkadmin.com:8888/activity/index/index.html
[ sql ] [ DB ] CONNECT:[ UseTime:0.001412s ] mysql:host=127.0.0.1;port=8889;dbname=admin_v4;charset=utf8
[ sql ] [ SQL ] SHOW COLUMNS FROM `system_node` [ RunTime:0.004805s ]
[ sql ] [ SQL ] SELECT `is_auth`,`is_login` FROM `system_node` WHERE  `node` = 'activity/index/index' LIMIT 1 [ RunTime:0.000935s ]
---------------------------------------------------------------
[2019-04-21T14:17:33+08:00] ::1 GET thinkadmin.com:8888/admin.html
[ sql ] [ DB ] CONNECT:[ UseTime:0.000616s ] mysql:host=127.0.0.1;port=8889;dbname=admin_v4;charset=utf8
[ sql ] [ SQL ] SHOW COLUMNS FROM `system_user` [ RunTime:0.000925s ]
[ sql ] [ SQL ] SELECT * FROM `system_user` WHERE  `id` = 10000 LIMIT 1 [ RunTime:0.000749s ]
[ sql ] [ SQL ] SHOW COLUMNS FROM `system_menu` [ RunTime:0.000847s ]
[ sql ] [ SQL ] SELECT * FROM `system_menu` WHERE  `status` = 1 ORDER BY `sort` ASC,`id` ASC [ RunTime:0.000984s ]
[ sql ] [ SQL ] SHOW COLUMNS FROM `system_node` [ RunTime:0.000903s ]
[ sql ] [ SQL ] SELECT `node`,`is_menu`,`is_auth`,`is_login`,`title` FROM `system_node` [ RunTime:0.000636s ]
---------------------------------------------------------------
[2019-04-21T14:17:33+08:00] ::1 GET thinkadmin.com:8888/activity/index/index.html
[ sql ] [ DB ] CONNECT:[ UseTime:0.000547s ] mysql:host=127.0.0.1;port=8889;dbname=admin_v4;charset=utf8
[ sql ] [ SQL ] SHOW COLUMNS FROM `system_node` [ RunTime:0.000914s ]
[ sql ] [ SQL ] SELECT `is_auth`,`is_login` FROM `system_node` WHERE  `node` = 'activity/index/index' LIMIT 1 [ RunTime:0.000489s ]
---------------------------------------------------------------
[2019-04-21T14:18:27+08:00] ::1 GET thinkadmin.com:8888/admin.html
[ sql ] [ DB ] CONNECT:[ UseTime:0.000910s ] mysql:host=127.0.0.1;port=8889;dbname=admin_v4;charset=utf8
[ sql ] [ SQL ] SHOW COLUMNS FROM `system_user` [ RunTime:0.001332s ]
[ sql ] [ SQL ] SELECT * FROM `system_user` WHERE  `id` = 10000 LIMIT 1 [ RunTime:0.000802s ]
[ sql ] [ SQL ] SHOW COLUMNS FROM `system_menu` [ RunTime:0.000744s ]
[ sql ] [ SQL ] SELECT * FROM `system_menu` WHERE  `status` = 1 ORDER BY `sort` ASC,`id` ASC [ RunTime:0.000963s ]
[ sql ] [ SQL ] SHOW COLUMNS FROM `system_node` [ RunTime:0.001024s ]
[ sql ] [ SQL ] SELECT `node`,`is_menu`,`is_auth`,`is_login`,`title` FROM `system_node` [ RunTime:0.000766s ]
---------------------------------------------------------------
[2019-04-21T14:18:27+08:00] ::1 GET thinkadmin.com:8888/activity/index/index.html
[ sql ] [ DB ] CONNECT:[ UseTime:0.000710s ] mysql:host=127.0.0.1;port=8889;dbname=admin_v4;charset=utf8
[ sql ] [ SQL ] SHOW COLUMNS FROM `system_node` [ RunTime:0.001148s ]
[ sql ] [ SQL ] SELECT `is_auth`,`is_login` FROM `system_node` WHERE  `node` = 'activity/index/index' LIMIT 1 [ RunTime:0.000671s ]
---------------------------------------------------------------
[2019-04-21T14:21:50+08:00] ::1 GET thinkadmin.com:8888/admin.html
[ sql ] [ DB ] CONNECT:[ UseTime:0.001545s ] mysql:host=127.0.0.1;port=8889;dbname=admin_v4;charset=utf8
[ sql ] [ SQL ] SHOW COLUMNS FROM `system_user` [ RunTime:0.001460s ]
[ sql ] [ SQL ] SELECT * FROM `system_user` WHERE  `id` = 10000 LIMIT 1 [ RunTime:0.000679s ]
[ sql ] [ SQL ] SHOW COLUMNS FROM `system_menu` [ RunTime:0.000787s ]
[ sql ] [ SQL ] SELECT * FROM `system_menu` WHERE  `status` = 1 ORDER BY `sort` ASC,`id` ASC [ RunTime:0.000754s ]
[ sql ] [ SQL ] SHOW COLUMNS FROM `system_node` [ RunTime:0.001645s ]
[ sql ] [ SQL ] SELECT `node`,`is_menu`,`is_auth`,`is_login`,`title` FROM `system_node` [ RunTime:0.000690s ]
---------------------------------------------------------------
[2019-04-21T14:21:51+08:00] ::1 GET thinkadmin.com:8888/activity/index/index.html
[ sql ] [ DB ] CONNECT:[ UseTime:0.000739s ] mysql:host=127.0.0.1;port=8889;dbname=admin_v4;charset=utf8
[ sql ] [ SQL ] SHOW COLUMNS FROM `system_node` [ RunTime:0.001178s ]
[ sql ] [ SQL ] SELECT `is_auth`,`is_login` FROM `system_node` WHERE  `node` = 'activity/index/index' LIMIT 1 [ RunTime:0.009157s ]
---------------------------------------------------------------
[2019-04-21T14:42:29+08:00] ::1 GET thinkadmin.com:8888/admin.html
[ sql ] [ DB ] CONNECT:[ UseTime:0.000703s ] mysql:host=127.0.0.1;port=8889;dbname=admin_v4;charset=utf8
[ sql ] [ SQL ] SHOW COLUMNS FROM `system_user` [ RunTime:0.001285s ]
[ sql ] [ SQL ] SELECT * FROM `system_user` WHERE  `id` = 10000 LIMIT 1 [ RunTime:0.000606s ]
[ sql ] [ SQL ] SHOW COLUMNS FROM `system_menu` [ RunTime:0.002245s ]
[ sql ] [ SQL ] SELECT * FROM `system_menu` WHERE  `status` = 1 ORDER BY `sort` ASC,`id` ASC [ RunTime:0.000978s ]
[ sql ] [ SQL ] SHOW COLUMNS FROM `system_node` [ RunTime:0.000989s ]
[ sql ] [ SQL ] SELECT `node`,`is_menu`,`is_auth`,`is_login`,`title` FROM `system_node` [ RunTime:0.000982s ]
[ sql ] [ SQL ] SHOW COLUMNS FROM `system_config` [ RunTime:0.002060s ]
[ sql ] [ SQL ] SELECT `name`,`value` FROM `system_config` [ RunTime:0.000579s ]
---------------------------------------------------------------
[2019-04-21T14:42:29+08:00] ::1 GET thinkadmin.com:8888/activity/index/index.html
[ sql ] [ DB ] CONNECT:[ UseTime:0.000617s ] mysql:host=127.0.0.1;port=8889;dbname=admin_v4;charset=utf8
[ sql ] [ SQL ] SHOW COLUMNS FROM `system_node` [ RunTime:0.003803s ]
[ sql ] [ SQL ] SELECT `is_auth`,`is_login` FROM `system_node` WHERE  `node` = 'activity/index/index' LIMIT 1 [ RunTime:0.000667s ]
---------------------------------------------------------------
[2019-04-21T14:43:20+08:00] ::1 GET thinkadmin.com:8888/admin.html
[ sql ] [ DB ] CONNECT:[ UseTime:0.000618s ] mysql:host=127.0.0.1;port=8889;dbname=admin_v4;charset=utf8
[ sql ] [ SQL ] SHOW COLUMNS FROM `system_user` [ RunTime:0.000905s ]
[ sql ] [ SQL ] SELECT * FROM `system_user` WHERE  `id` = 10000 LIMIT 1 [ RunTime:0.000713s ]
[ sql ] [ SQL ] SHOW COLUMNS FROM `system_menu` [ RunTime:0.001090s ]
[ sql ] [ SQL ] SELECT * FROM `system_menu` WHERE  `status` = 1 ORDER BY `sort` ASC,`id` ASC [ RunTime:0.000839s ]
[ sql ] [ SQL ] SHOW COLUMNS FROM `system_node` [ RunTime:0.001054s ]
[ sql ] [ SQL ] SELECT `node`,`is_menu`,`is_auth`,`is_login`,`title` FROM `system_node` [ RunTime:0.000636s ]
---------------------------------------------------------------
[2019-04-21T14:43:21+08:00] ::1 GET thinkadmin.com:8888/activity/index/index.html
[ sql ] [ DB ] CONNECT:[ UseTime:0.000573s ] mysql:host=127.0.0.1;port=8889;dbname=admin_v4;charset=utf8
[ sql ] [ SQL ] SHOW COLUMNS FROM `system_node` [ RunTime:0.000810s ]
[ sql ] [ SQL ] SELECT `is_auth`,`is_login` FROM `system_node` WHERE  `node` = 'activity/index/index' LIMIT 1 [ RunTime:0.000641s ]
---------------------------------------------------------------
[2019-04-21T14:45:21+08:00] ::1 GET thinkadmin.com:8888/activity/index/index.html
[ sql ] [ DB ] CONNECT:[ UseTime:0.000586s ] mysql:host=127.0.0.1;port=8889;dbname=admin_v4;charset=utf8
[ sql ] [ SQL ] SHOW COLUMNS FROM `system_node` [ RunTime:0.000809s ]
[ sql ] [ SQL ] SELECT `is_auth`,`is_login` FROM `system_node` WHERE  `node` = 'activity/index/index' LIMIT 1 [ RunTime:0.000542s ]
---------------------------------------------------------------
[2019-04-21T14:45:22+08:00] ::1 GET thinkadmin.com:8888/activity/index/index.html
[ sql ] [ DB ] CONNECT:[ UseTime:0.000572s ] mysql:host=127.0.0.1;port=8889;dbname=admin_v4;charset=utf8
[ sql ] [ SQL ] SHOW COLUMNS FROM `system_node` [ RunTime:0.000812s ]
[ sql ] [ SQL ] SELECT `is_auth`,`is_login` FROM `system_node` WHERE  `node` = 'activity/index/index' LIMIT 1 [ RunTime:0.000682s ]
