---------------------------------------------------------------
[2019-04-21T13:43:35+08:00] ::1 GET thinkadmin.com:8888/admin/index/command.html?spm=m-1
[ error ] [0]Method app\admin\controller\Index::command() does not exist[/Users/qwk/Desktop/thinkadmin/ThinkAdmin/thinkphp/library/think/route/dispatch/Module.php:109]
---------------------------------------------------------------
[2019-04-21T13:44:27+08:00] ::1 GET thinkadmin.com:8888/admin/index/command.html
[ error ] [0]Method app\admin\controller\Index::command() does not exist[/Users/qwk/Desktop/thinkadmin/ThinkAdmin/thinkphp/library/think/route/dispatch/Module.php:109]
---------------------------------------------------------------
[2019-04-21T13:55:49+08:00] ::1 GET thinkadmin.com:8888/activity/index/index.html
[ error ] [2]array_merge(): Argument #3 is not an array[/Users/qwk/Desktop/thinkadmin/ThinkAdmin/thinkphp/library/think/View.php:180]
---------------------------------------------------------------
[2019-04-21T13:55:54+08:00] ::1 GET thinkadmin.com:8888/activity/index/index.html
[ error ] [2]array_merge(): Argument #3 is not an array[/Users/qwk/Desktop/thinkadmin/ThinkAdmin/thinkphp/library/think/View.php:180]
---------------------------------------------------------------
[2019-04-21T13:55:57+08:00] ::1 GET thinkadmin.com:8888/activity/index/index.html
[ error ] [2]array_merge(): Argument #3 is not an array[/Users/qwk/Desktop/thinkadmin/ThinkAdmin/thinkphp/library/think/View.php:180]
---------------------------------------------------------------
[2019-04-21T13:56:04+08:00] ::1 GET thinkadmin.com:8888/activity/
[ error ] [2]array_merge(): Argument #3 is not an array[/Users/qwk/Desktop/thinkadmin/ThinkAdmin/thinkphp/library/think/View.php:180]
---------------------------------------------------------------
[2019-04-21T13:56:53+08:00] ::1 GET thinkadmin.com:8888/activity/
[ error ] [2]array_merge(): Argument #3 is not an array[/Users/qwk/Desktop/thinkadmin/ThinkAdmin/thinkphp/library/think/View.php:180]
---------------------------------------------------------------
[2019-04-21T13:56:56+08:00] ::1 GET thinkadmin.com:8888/activity/index/index.html
[ error ] [2]array_merge(): Argument #3 is not an array[/Users/qwk/Desktop/thinkadmin/ThinkAdmin/thinkphp/library/think/View.php:180]
---------------------------------------------------------------
[2019-04-21T13:57:57+08:00] ::1 GET thinkadmin.com:8888/activity
[ error ] [2]array_merge(): Argument #3 is not an array[/Users/qwk/Desktop/thinkadmin/ThinkAdmin/thinkphp/library/think/View.php:180]
---------------------------------------------------------------
[2019-04-21T14:15:45+08:00] ::1 GET thinkadmin.com:8888/activity
[ error ] [2]array_merge(): Argument #3 is not an array[/Users/qwk/Desktop/thinkadmin/ThinkAdmin/thinkphp/library/think/View.php:180]
---------------------------------------------------------------
[2019-04-21T14:16:02+08:00] ::1 GET thinkadmin.com:8888/activity
[ error ] [2]array_merge(): Argument #3 is not an array[/Users/qwk/Desktop/thinkadmin/ThinkAdmin/thinkphp/library/think/View.php:180]
