---------------------------------------------------------------
[2019-04-26T10:49:25+08:00] ::1 GET thinkadmin.com:8888/activity/classify/index.html?spm=m-51-52-53&name=qwk
[ error ] [10501]SQLSTATE[42S22]: Column not found: 1054 Unknown column 'a.name' in 'where clause'[/Users/qwk/Desktop/thinkadmin/ThinkAdmin/thinkphp/library/think/db/Connection.php:687]
---------------------------------------------------------------
[2019-04-26T10:49:33+08:00] ::1 GET thinkadmin.com:8888/activity/classify/index.html?spm=m-51-52-53&name=qwk%E7%9A%84%E5%88%86%E7%B1%BB
[ error ] [10501]SQLSTATE[42S22]: Column not found: 1054 Unknown column 'a.name' in 'where clause'[/Users/qwk/Desktop/thinkadmin/ThinkAdmin/thinkphp/library/think/db/Connection.php:687]
---------------------------------------------------------------
[2019-04-26T11:26:51+08:00] ::1 GET thinkadmin.com:8888/api/classify/index
[ error ] [10501]SQLSTATE[42S02]: Base table or view not found: 1146 Table 'admin_v4.way_classify' doesn't exist[/Users/qwk/Desktop/thinkadmin/ThinkAdmin/thinkphp/library/think/db/Connection.php:687]
---------------------------------------------------------------
[2019-04-26T11:27:19+08:00] ::1 GET thinkadmin.com:8888/api/classify/index
[ error ] [10501]SQLSTATE[42S02]: Base table or view not found: 1146 Table 'admin_v4.way_classify' doesn't exist[/Users/qwk/Desktop/thinkadmin/ThinkAdmin/thinkphp/library/think/db/Connection.php:687]
---------------------------------------------------------------
[2019-04-26T11:27:35+08:00] ::1 GET thinkadmin.com:8888/api/classify/index
[ error ] [10501]SQLSTATE[42S02]: Base table or view not found: 1146 Table 'admin_v4.way_classify' doesn't exist[/Users/qwk/Desktop/thinkadmin/ThinkAdmin/thinkphp/library/think/db/Connection.php:687]
---------------------------------------------------------------
[2019-04-26T11:30:50+08:00] ::1 GET thinkadmin.com:8888/api/classify/index
[ error ] [0]variable type error： array[/Users/qwk/Desktop/thinkadmin/ThinkAdmin/thinkphp/library/think/Response.php:403]
---------------------------------------------------------------
[2019-04-26T11:31:30+08:00] ::1 GET thinkadmin.com:8888/api/classify/index
[ error ] [0]variable type error： array[/Users/qwk/Desktop/thinkadmin/ThinkAdmin/thinkphp/library/think/Response.php:403]
---------------------------------------------------------------
[2019-04-26T11:31:48+08:00] ::1 GET thinkadmin.com:8888/api/classify/index
[ error ] [0]variable type error： array[/Users/qwk/Desktop/thinkadmin/ThinkAdmin/thinkphp/library/think/Response.php:403]
---------------------------------------------------------------
[2019-04-26T11:31:57+08:00] ::1 GET thinkadmin.com:8888/api/classify/index
[ error ] [0]variable type error： array[/Users/qwk/Desktop/thinkadmin/ThinkAdmin/thinkphp/library/think/Response.php:403]
---------------------------------------------------------------
[2019-04-26T11:34:52+08:00] ::1 GET thinkadmin.com:8888/api/classify/index
[ error ] [0]variable type error： array[/Users/qwk/Desktop/thinkadmin/ThinkAdmin/thinkphp/library/think/Response.php:403]
---------------------------------------------------------------
[2019-04-26T11:38:30+08:00] ::1 GET thinkadmin.com:8888/api/classify/index
[ error ] [0]variable type error： array[/Users/qwk/Desktop/thinkadmin/ThinkAdmin/thinkphp/library/think/Response.php:403]
---------------------------------------------------------------
[2019-04-26T11:38:31+08:00] ::1 GET thinkadmin.com:8888/api/classify/index
[ error ] [0]variable type error： array[/Users/qwk/Desktop/thinkadmin/ThinkAdmin/thinkphp/library/think/Response.php:403]
---------------------------------------------------------------
[2019-04-26T11:38:32+08:00] ::1 GET thinkadmin.com:8888/api/classify/index
[ error ] [0]variable type error： array[/Users/qwk/Desktop/thinkadmin/ThinkAdmin/thinkphp/library/think/Response.php:403]
---------------------------------------------------------------
[2019-04-26T11:39:59+08:00] ::1 GET thinkadmin.com:8888/api/classify/index
[ error ] [0]variable type error： array[/Users/qwk/Desktop/thinkadmin/ThinkAdmin/thinkphp/library/think/Response.php:403]
---------------------------------------------------------------
[2019-04-26T11:41:07+08:00] ::1 GET thinkadmin.com:8888/api/classify/index
[ error ] [0]variable type error： array[/Users/qwk/Desktop/thinkadmin/ThinkAdmin/thinkphp/library/think/Response.php:403]
---------------------------------------------------------------
[2019-04-26T11:41:19+08:00] ::1 GET thinkadmin.com:8888/api/classify/index
[ error ] [0]variable type error： array[/Users/qwk/Desktop/thinkadmin/ThinkAdmin/thinkphp/library/think/Response.php:403]
---------------------------------------------------------------
[2019-04-26T11:53:21+08:00] ::1 GET thinkadmin.com:8888/api/classify/addClickNum
[ error ] [0]致命错误: Call to a member function getSqlLast() on integer[/Users/qwk/Desktop/thinkadmin/ThinkAdmin/application/api/controller/Classify.php:35]
---------------------------------------------------------------
[2019-04-26T11:54:06+08:00] ::1 GET thinkadmin.com:8888/api/classify/addClickNum
[ error ] [0]致命错误: Call to a member function getsqllast() on integer[/Users/qwk/Desktop/thinkadmin/ThinkAdmin/application/api/controller/Classify.php:35]
---------------------------------------------------------------
[2019-04-26T11:54:55+08:00] ::1 GET thinkadmin.com:8888/api/classify/addClickNum
[ error ] [0]致命错误: Class 'app\api\controller\Db' not found[/Users/qwk/Desktop/thinkadmin/ThinkAdmin/application/api/controller/Classify.php:36]
---------------------------------------------------------------
[2019-04-26T14:24:44+08:00] ::1 GET thinkadmin.com:8888/activity/index/index.html?spm=m-51-55-56
[ error ] [10501]SQLSTATE[42S02]: Base table or view not found: 1146 Table 'admin_v4.wap_activity' doesn't exist[/Users/qwk/Desktop/thinkadmin/ThinkAdmin/thinkphp/library/think/db/Connection.php:687]
---------------------------------------------------------------
[2019-04-26T14:25:14+08:00] ::1 GET thinkadmin.com:8888/activity/index/index.html?spm=m-51-55-56
[ error ] [10501]SQLSTATE[42S02]: Base table or view not found: 1146 Table 'admin_v4.wap_activity' doesn't exist[/Users/qwk/Desktop/thinkadmin/ThinkAdmin/thinkphp/library/think/db/Connection.php:687]
---------------------------------------------------------------
[2019-04-26T15:15:47+08:00] ::1 GET thinkadmin.com:8888/activity/index/index.html?spm=m-51-55-56
[ error ] [0]模板文件不存在:/Users/qwk/Desktop/thinkadmin/ThinkAdmin/application/activity/view/user/index_search.html[/Users/qwk/Desktop/thinkadmin/ThinkAdmin/thinkphp/library/think/Template.php:1243]
---------------------------------------------------------------
[2019-04-26T15:40:56+08:00] ::1 GET thinkadmin.com:8888/activity/classify/index.html?spm=m-51-52-53
[ error ] [0]语法解析错误: syntax error, unexpected '<'[/Users/qwk/Desktop/thinkadmin/ThinkAdmin/runtime/temp/0cfb583f7bb59a0a3bd0437421344fe8.php:2]
---------------------------------------------------------------
[2019-04-26T15:45:03+08:00] ::1 GET thinkadmin.com:8888/activity/classify/index.html?spm=m-51-52-53
[ error ] [0]语法解析错误: syntax error, unexpected '<'[/Users/qwk/Desktop/thinkadmin/ThinkAdmin/runtime/temp/0cfb583f7bb59a0a3bd0437421344fe8.php:2]
---------------------------------------------------------------
[2019-04-26T15:45:09+08:00] ::1 GET thinkadmin.com:8888/activity/classify/index.html?spm=m-51-52-53
[ error ] [0]语法解析错误: syntax error, unexpected '<'[/Users/qwk/Desktop/thinkadmin/ThinkAdmin/runtime/temp/0cfb583f7bb59a0a3bd0437421344fe8.php:2]
---------------------------------------------------------------
[2019-04-26T16:44:32+08:00] ::1 GET thinkadmin.com:8888/activity/index/index.html?spm=m-51-55-56
[ error ] [0]模板文件不存在:/Users/qwk/Desktop/thinkadmin/ThinkAdmin/application/activity/view/user/index_search.html[/Users/qwk/Desktop/thinkadmin/ThinkAdmin/thinkphp/library/think/Template.php:1243]
---------------------------------------------------------------
[2019-04-26T16:48:13+08:00] ::1 GET thinkadmin.com:8888/activity/index/index.html?spm=m-51-55-56
[ error ] [8]未定义变量: list[/Users/qwk/Desktop/thinkadmin/ThinkAdmin/runtime/temp/2d3e556bd6b7e0d446ba002d28234b49.php:4]
---------------------------------------------------------------
[2019-04-26T16:48:49+08:00] ::1 GET thinkadmin.com:8888/activity/index/index.html?spm=m-51-55-56
[ error ] [0]致命错误: Class 'app\activity\controller\Db' not found[/Users/qwk/Desktop/thinkadmin/ThinkAdmin/application/activity/controller/Index.php:26]
---------------------------------------------------------------
[2019-04-26T16:49:02+08:00] ::1 GET thinkadmin.com:8888/activity/index/index.html?spm=m-51-55-56
[ error ] [0]致命错误: Class 'app\activity\controller\Db' not found[/Users/qwk/Desktop/thinkadmin/ThinkAdmin/application/activity/controller/Index.php:26]
---------------------------------------------------------------
[2019-04-26T16:49:20+08:00] ::1 GET thinkadmin.com:8888/activity/index/index.html?spm=m-51-55-56
[ error ] [0]致命错误: Class 'app\activity\controller\Db' not found[/Users/qwk/Desktop/thinkadmin/ThinkAdmin/application/activity/controller/Index.php:26]
---------------------------------------------------------------
[2019-04-26T16:50:19+08:00] ::1 GET thinkadmin.com:8888/activity/index/index.html?spm=m-51-55-56
[ error ] [0]致命错误: Class 'app\activity\controller\Db' not found[/Users/qwk/Desktop/thinkadmin/ThinkAdmin/application/activity/controller/Index.php:26]
---------------------------------------------------------------
[2019-04-26T16:50:28+08:00] ::1 GET thinkadmin.com:8888/activity/index/index.html?spm=m-51-55-56
[ error ] [0]致命错误: Class 'app\activity\controller\Db' not found[/Users/qwk/Desktop/thinkadmin/ThinkAdmin/application/activity/controller/Index.php:26]
---------------------------------------------------------------
[2019-04-26T16:52:46+08:00] ::1 GET thinkadmin.com:8888/activity/index/add.html?spm=m-51-55-56&open_type=modal
[ error ] [0]模板文件不存在:/Users/qwk/Desktop/thinkadmin/ThinkAdmin/application/activity/view/index/form.html[/Users/qwk/Desktop/thinkadmin/ThinkAdmin/thinkphp/library/think/view/driver/Think.php:86]
---------------------------------------------------------------
[2019-04-26T16:53:12+08:00] ::1 GET thinkadmin.com:8888/activity/index/add.html?spm=m-51-55-56&open_type=modal
[ error ] [0]模板文件不存在:/Users/qwk/Desktop/thinkadmin/ThinkAdmin/application/activity/view/index/form.html[/Users/qwk/Desktop/thinkadmin/ThinkAdmin/thinkphp/library/think/view/driver/Think.php:86]
---------------------------------------------------------------
[2019-04-26T16:55:32+08:00] ::1 POST thinkadmin.com:8888/admin/node/save.html?spm=m-2-12-6
[ error ] [2]unlink(/Users/qwk/Desktop/thinkadmin/ThinkAdmin/runtime/cache/99/a4fb1c4f16761fe92caee960ebde30.php): No such file or directory[/Users/qwk/Desktop/thinkadmin/ThinkAdmin/thinkphp/library/think/cache/driver/File.php:302]
---------------------------------------------------------------
[2019-04-26T18:34:02+08:00] ::1 GET thinkadmin.com:8888/activity/index/add.html?spm=m-51-55-57
[ error ] [8]未定义变量: classifyArr[/Users/qwk/Desktop/thinkadmin/ThinkAdmin/runtime/temp/123e820f02203cbf7713f28dcb39d119.php:3]
---------------------------------------------------------------
[2019-04-26T18:38:53+08:00] ::1 GET thinkadmin.com:8888/activity/index/add.html?spm=m-51-55-57
[ error ] [8]未定义变量: classifyArr[/Users/qwk/Desktop/thinkadmin/ThinkAdmin/runtime/temp/123e820f02203cbf7713f28dcb39d119.php:3]
---------------------------------------------------------------
[2019-04-26T18:39:19+08:00] ::1 GET thinkadmin.com:8888/activity/index/add.html?spm=m-51-55-57
[ error ] [8]未定义变量: classifyArr[/Users/qwk/Desktop/thinkadmin/ThinkAdmin/runtime/temp/123e820f02203cbf7713f28dcb39d119.php:3]
---------------------------------------------------------------
[2019-04-26T18:45:07+08:00] ::1 GET thinkadmin.com:8888/activity/index/add.html?spm=m-51-55-57
[ error ] [8]未定义变量: classifyArr[/Users/qwk/Desktop/thinkadmin/ThinkAdmin/runtime/temp/123e820f02203cbf7713f28dcb39d119.php:3]
---------------------------------------------------------------
[2019-04-26T18:45:19+08:00] ::1 GET thinkadmin.com:8888/activity/index/add.html?spm=m-51-55-57
[ error ] [8]未定义变量: classify[/Users/qwk/Desktop/thinkadmin/ThinkAdmin/runtime/temp/123e820f02203cbf7713f28dcb39d119.php:3]
---------------------------------------------------------------
[2019-04-26T18:45:54+08:00] ::1 GET thinkadmin.com:8888/activity/index/add.html?spm=m-51-55-57
[ error ] [8]未定义变量: classify[/Users/qwk/Desktop/thinkadmin/ThinkAdmin/runtime/temp/123e820f02203cbf7713f28dcb39d119.php:3]
---------------------------------------------------------------
[2019-04-26T18:46:31+08:00] ::1 GET thinkadmin.com:8888/store/goods/index.html?spm=m-13-48-14
[ error ] [8]未定义数组索引: list[/Users/qwk/Desktop/thinkadmin/ThinkAdmin/runtime/temp/fdc151c667e04697f628e3d66c6ac8a4.php:8]
---------------------------------------------------------------
[2019-04-26T18:48:04+08:00] ::1 GET thinkadmin.com:8888/activity/index/add.html?spm=m-51-55-57
[ error ] [0]模板文件不存在:/Users/qwk/Desktop/thinkadmin/ThinkAdmin/application/activity/view/index/add.html[/Users/qwk/Desktop/thinkadmin/ThinkAdmin/thinkphp/library/think/view/driver/Think.php:86]
---------------------------------------------------------------
[2019-04-26T18:49:11+08:00] ::1 GET thinkadmin.com:8888/activity/index/add.html?spm=m-51-55-57
[ error ] [8]未定义变量: classifyArr[/Users/qwk/Desktop/thinkadmin/ThinkAdmin/runtime/temp/123e820f02203cbf7713f28dcb39d119.php:3]
